Using pre-set license
Built from '2020.3/staging' branch; Version is '2020.3.6f1 (338bb68529b2) revision 3378102'; Using compiler version '192528614'; Build Type 'Release'
OS: 'Windows 10 Pro; OS build 17134.228; Version 1803; 64bit' Language: 'es' Physical Memory: 8118 MB
BatchMode: 1, IsHumanControllingUs: 0, StartBugReporterOnCrash: 0, Is64bit: 1, IsPro: 0

 COMMAND LINE ARGUMENTS:
C:\Program Files\Unity\Hub\Editor\2020.3.6f1\Editor\Unity.exe
-adb2
-batchMode
-noUpm
-name
AssetImportWorker0
-projectPath
E:/projects/Unity/StartGame
-logFile
Logs/AssetImportWorker0.log
-srvPort
50782
Successfully changed project path to: E:/projects/Unity/StartGame
E:/projects/Unity/StartGame
Using Asset Import Pipeline V2.
Refreshing native plugins compatible for Editor in 35.89 ms, found 0 plugins.
Preloading 0 native plugins for Editor in 0.00 ms.
Initialize engine version: 2020.3.6f1 (338bb68529b2)
[Subsystems] Discovering subsystems at path C:/Program Files/Unity/Hub/Editor/2020.3.6f1/Editor/Data/Resources/UnitySubsystems
[Subsystems] Discovering subsystems at path E:/projects/Unity/StartGame/Assets
GfxDevice: creating device client; threaded=0
Direct3D:
    Version:  Direct3D 11.0 [level 10.1]
    Renderer: ATI Radeon HD 4550 (ID=0x9540)
    Vendor:   
    VRAM:     501 MB
    Driver:   8.970.100.9001
Initialize mono
Mono path[0] = 'C:/Program Files/Unity/Hub/Editor/2020.3.6f1/Editor/Data/Managed'
Mono path[1] = 'C:/Program Files/Unity/Hub/Editor/2020.3.6f1/Editor/Data/MonoBleedingEdge/lib/mono/unityjit'
Mono config path = 'C:/Program Files/Unity/Hub/Editor/2020.3.6f1/Editor/Data/MonoBleedingEdge/etc'
Using monoOptions --debugger-agent=transport=dt_socket,embedding=1,server=y,suspend=n,address=127.0.0.1:56636
Begin MonoManager ReloadAssembly
Registering precompiled unity dll's ...
Register platform support module: C:/Program Files/Unity/Hub/Editor/2020.3.6f1/Editor/Data/PlaybackEngines/WebGLSupport/UnityEditor.WebGL.Extensions.dll
Register platform support module: C:/Program Files/Unity/Hub/Editor/2020.3.6f1/Editor/Data/PlaybackEngines/WindowsStandaloneSupport/UnityEditor.WindowsStandalone.Extensions.dll
Registered in 0.002828 seconds.
Native extension for WindowsStandalone target not found
Native extension for WebGL target not found
Refreshing native plugins compatible for Editor in 37.02 ms, found 0 plugins.
Preloading 0 native plugins for Editor in 0.00 ms.
Mono: successfully reloaded assembly
- Completed reload, in  3.380 seconds
Platform modules already initialized, skipping
Registering precompiled user dll's ...
Registered in 0.000692 seconds.
Begin MonoManager ReloadAssembly
Native extension for WindowsStandalone target not found
Native extension for WebGL target not found
Refreshing native plugins compatible for Editor in 0.31 ms, found 0 plugins.
Preloading 0 native plugins for Editor in 0.00 ms.
Mono: successfully reloaded assembly
- Completed reload, in  1.153 seconds
Platform modules already initialized, skipping
========================================================================
Worker process is ready to serve import requests
Launched and connected shader compiler UnityShaderCompiler.exe after 0.04 seconds
Refreshing native plugins compatible for Editor in 0.29 ms, found 0 plugins.
Preloading 0 native plugins for Editor in 0.00 ms.
Unloading 1115 Unused Serialized files (Serialized files now loaded: 0)
System memory in use before: 57.1 MB.
System memory in use after: 57.2 MB.

Unloading 10 unused Assets to reduce memory usage. Loaded Objects now: 1558.
Total: 2.560350 ms (FindLiveObjects: 0.172533 ms CreateObjectMapping: 0.089941 ms MarkObjects: 2.169788 ms  DeleteObjects: 0.125988 ms)

========================================================================
Received Import Request.
  path: Assets/Scenes/ScreenInitial.unity
  artifactKey: Guid(2dc42b8e3bd518b42936aec38ead7db2) Importer(815301076,1909f56bfc062723c751e8b465ee728b)
Start importing Assets/Scenes/ScreenInitial.unity using Guid(2dc42b8e3bd518b42936aec38ead7db2) Importer(815301076,1909f56bfc062723c751e8b465ee728b)  -> (artifact id: '5d19e5be55aed090457c659cc807e4ea') in 0.014966 seconds
  Import took 0.017462 seconds .

========================================================================
Received Import Request.
  Time since last request: 0.000414 seconds.
  path: Assets/Scenes/SampleScene.unity
  artifactKey: Guid(9fc0d4010bbf28b4594072e72b8655ab) Importer(815301076,1909f56bfc062723c751e8b465ee728b)
Start importing Assets/Scenes/SampleScene.unity using Guid(9fc0d4010bbf28b4594072e72b8655ab) Importer(815301076,1909f56bfc062723c751e8b465ee728b)  -> (artifact id: '3106d81e14175b7109796116b50b2db6') in 0.013139 seconds
  Import took 0.015480 seconds .

========================================================================
Received Import Request.
  Time since last request: 28.387793 seconds.
  path: Assets/New Material.mat
  artifactKey: Guid(17afee3f48e3aa64e89b55fbb0901b00) Importer(815301076,1909f56bfc062723c751e8b465ee728b)
Start importing Assets/New Material.mat using Guid(17afee3f48e3aa64e89b55fbb0901b00) Importer(815301076,1909f56bfc062723c751e8b465ee728b)  -> (artifact id: '517dc8955424e197a53ecbf0d8bb66e4') in 0.182231 seconds
  Import took 0.184976 seconds .

========================================================================
Received Import Request.
  Time since last request: 4.643832 seconds.
  path: Assets/Scenes
  artifactKey: Guid(421d0e5c8231ea344be74ae0e618433b) Importer(815301076,1909f56bfc062723c751e8b465ee728b)
Start importing Assets/Scenes using Guid(421d0e5c8231ea344be74ae0e618433b) Importer(815301076,1909f56bfc062723c751e8b465ee728b)  -> (artifact id: 'ad945703c1484207fd878ea5723c0498') in 0.002371 seconds
  Import took 0.005033 seconds .

========================================================================
Received Import Request.
  Time since last request: 7.444138 seconds.
  path: Assets/Colores
  artifactKey: Guid(ec22bf1f79f7f0a4f9d1e53140d7f2b6) Importer(815301076,1909f56bfc062723c751e8b465ee728b)
Start importing Assets/Colores using Guid(ec22bf1f79f7f0a4f9d1e53140d7f2b6) Importer(815301076,1909f56bfc062723c751e8b465ee728b)  -> (artifact id: '46a447dd28582a26306ae89bba5e7902') in 0.001905 seconds
  Import took 0.004365 seconds .

========================================================================
Received Import Request.
  Time since last request: 151.995589 seconds.
  path: Assets/Scenes/ScreenInitial.unity
  artifactKey: Guid(2dc42b8e3bd518b42936aec38ead7db2) Importer(815301076,1909f56bfc062723c751e8b465ee728b)
Start importing Assets/Scenes/ScreenInitial.unity using Guid(2dc42b8e3bd518b42936aec38ead7db2) Importer(815301076,1909f56bfc062723c751e8b465ee728b)  -> (artifact id: '1b8793018073d7ae8a15bd42e2864ff9') in 0.002282 seconds
  Import took 0.005114 seconds .

========================================================================
Received Import Request.
  Time since last request: 171.200953 seconds.
  path: Assets/Colores/Yellow.mat
  artifactKey: Guid(17afee3f48e3aa64e89b55fbb0901b00) Importer(815301076,1909f56bfc062723c751e8b465ee728b)
Start importing Assets/Colores/Yellow.mat using Guid(17afee3f48e3aa64e89b55fbb0901b00) Importer(815301076,1909f56bfc062723c751e8b465ee728b)  -> (artifact id: 'd4cd8b89e9434e9561e91c83779ef720') in 0.037059 seconds
  Import took 0.041636 seconds .

========================================================================
Received Prepare
Registering precompiled user dll's ...
Registered in 0.000685 seconds.
Begin MonoManager ReloadAssembly
Native extension for WindowsStandalone target not found
Native extension for WebGL target not found
Refreshing native plugins compatible for Editor in 0.29 ms, found 0 plugins.
Preloading 0 native plugins for Editor in 0.00 ms.
Mono: successfully reloaded assembly
- Completed reload, in  1.059 seconds
Platform modules already initialized, skipping
Refreshing native plugins compatible for Editor in 0.30 ms, found 0 plugins.
Preloading 0 native plugins for Editor in 0.00 ms.
Unloading 1110 Unused Serialized files (Serialized files now loaded: 0)
System memory in use before: 60.4 MB.
System memory in use after: 60.5 MB.

Unloading 5 unused Assets to reduce memory usage. Loaded Objects now: 1601.
Total: 2.447311 ms (FindLiveObjects: 0.190731 ms CreateObjectMapping: 0.066843 ms MarkObjects: 2.108194 ms  DeleteObjects: 0.079792 ms)

========================================================================
Received Import Request.
  Time since last request: 156.510610 seconds.
  path: Assets/Scenes/ScreenInitial.unity
  artifactKey: Guid(2dc42b8e3bd518b42936aec38ead7db2) Importer(815301076,1909f56bfc062723c751e8b465ee728b)
Start importing Assets/Scenes/ScreenInitial.unity using Guid(2dc42b8e3bd518b42936aec38ead7db2) Importer(815301076,1909f56bfc062723c751e8b465ee728b)  -> (artifact id: 'f5aa44c29825a21afd237bfa23a50e32') in 0.013853 seconds
  Import took 0.016376 seconds .

========================================================================
Received Import Request.
  Time since last request: 177.764685 seconds.
  path: Assets/images
  artifactKey: Guid(130839e7e2587004d92739f3bd6c57a7) Importer(815301076,1909f56bfc062723c751e8b465ee728b)
Start importing Assets/images using Guid(130839e7e2587004d92739f3bd6c57a7) Importer(815301076,1909f56bfc062723c751e8b465ee728b)  -> (artifact id: '5cee7280d79ad1469bef78e5b4b8281e') in 0.002024 seconds
  Import took 0.004846 seconds .

========================================================================
Received Import Request.
  Time since last request: 9.791319 seconds.
  path: Assets/images/Start01.png
  artifactKey: Guid(93fe28b6e7db5a443acb833e981106be) Importer(815301076,1909f56bfc062723c751e8b465ee728b)
Start importing Assets/images/Start01.png using Guid(93fe28b6e7db5a443acb833e981106be) Importer(815301076,1909f56bfc062723c751e8b465ee728b)  -> (artifact id: 'fea6c753eb38afce8d4e8403f6401a6c') in 0.128475 seconds
  Import took 0.131762 seconds .

========================================================================
Received Import Request.
  Time since last request: 378.716949 seconds.
  path: Assets/SplashScreen.cs
  artifactKey: Guid(de7bd44690b711b499bb6215ef1a10f0) Importer(815301076,1909f56bfc062723c751e8b465ee728b)
Start importing Assets/SplashScreen.cs using Guid(de7bd44690b711b499bb6215ef1a10f0) Importer(815301076,1909f56bfc062723c751e8b465ee728b)  -> (artifact id: 'e481b1d36c4a3d58d96679e774830de0') in 0.115239 seconds
  Import took 0.118508 seconds .

========================================================================
Received Prepare
Registering precompiled user dll's ...
Registered in 0.000801 seconds.
Begin MonoManager ReloadAssembly
Native extension for WindowsStandalone target not found
Native extension for WebGL target not found
Refreshing native plugins compatible for Editor in 0.37 ms, found 0 plugins.
Preloading 0 native plugins for Editor in 0.00 ms.
Mono: successfully reloaded assembly
- Completed reload, in  1.226 seconds
Platform modules already initialized, skipping
Refreshing native plugins compatible for Editor in 0.34 ms, found 0 plugins.
Preloading 0 native plugins for Editor in 0.00 ms.
Unloading 1111 Unused Serialized files (Serialized files now loaded: 0)
System memory in use before: 60.5 MB.
System memory in use after: 60.6 MB.

Unloading 5 unused Assets to reduce memory usage. Loaded Objects now: 1607.
Total: 2.834373 ms (FindLiveObjects: 0.194931 ms CreateObjectMapping: 0.079792 ms MarkObjects: 2.465509 ms  DeleteObjects: 0.092391 ms)

========================================================================
Received Import Request.
  Time since last request: 564.124466 seconds.
  path: Assets/SplashScreen.cs
  artifactKey: Guid(de7bd44690b711b499bb6215ef1a10f0) Importer(815301076,1909f56bfc062723c751e8b465ee728b)
Start importing Assets/SplashScreen.cs using Guid(de7bd44690b711b499bb6215ef1a10f0) Importer(815301076,1909f56bfc062723c751e8b465ee728b)  -> (artifact id: '135d5d0741b4e79458b0a2dae6016bce') in 0.006135 seconds
  Import took 0.009079 seconds .

========================================================================
Received Prepare
Registering precompiled user dll's ...
Registered in 0.000820 seconds.
Begin MonoManager ReloadAssembly
Native extension for WindowsStandalone target not found
Native extension for WebGL target not found
Refreshing native plugins compatible for Editor in 0.37 ms, found 0 plugins.
Preloading 0 native plugins for Editor in 0.00 ms.
Mono: successfully reloaded assembly
- Completed reload, in  1.245 seconds
Platform modules already initialized, skipping
Refreshing native plugins compatible for Editor in 0.29 ms, found 0 plugins.
Preloading 0 native plugins for Editor in 0.00 ms.
Unloading 1111 Unused Serialized files (Serialized files now loaded: 0)
System memory in use before: 60.5 MB.
System memory in use after: 60.6 MB.

Unloading 5 unused Assets to reduce memory usage. Loaded Objects now: 1610.
Total: 2.857121 ms (FindLiveObjects: 0.353465 ms CreateObjectMapping: 0.103590 ms MarkObjects: 2.307325 ms  DeleteObjects: 0.089941 ms)

========================================================================
Received Import Request.
  Time since last request: 1985.819454 seconds.
  path: Assets/SplashScreen.cs
  artifactKey: Guid(de7bd44690b711b499bb6215ef1a10f0) Importer(815301076,1909f56bfc062723c751e8b465ee728b)
Start importing Assets/SplashScreen.cs using Guid(de7bd44690b711b499bb6215ef1a10f0) Importer(815301076,1909f56bfc062723c751e8b465ee728b)  -> (artifact id: '129f6933a70e096f50df5340be4940fe') in 0.011156 seconds
  Import took 0.014114 seconds .

========================================================================
Received Import Request.
  Time since last request: 37.474790 seconds.
  path: Assets/Scenes/ScreenInitial.unity
  artifactKey: Guid(2dc42b8e3bd518b42936aec38ead7db2) Importer(815301076,1909f56bfc062723c751e8b465ee728b)
Start importing Assets/Scenes/ScreenInitial.unity using Guid(2dc42b8e3bd518b42936aec38ead7db2) Importer(815301076,1909f56bfc062723c751e8b465ee728b)  -> (artifact id: 'e1b067b144188271690665e6226f1563') in 0.025335 seconds
  Import took 0.048500 seconds .

========================================================================
Received Import Request.
  Time since last request: 25.072399 seconds.
  path: Assets/Scripts
  artifactKey: Guid(2aae579f30c18514eb3fee083e8460f1) Importer(815301076,1909f56bfc062723c751e8b465ee728b)
Start importing Assets/Scripts using Guid(2aae579f30c18514eb3fee083e8460f1) Importer(815301076,1909f56bfc062723c751e8b465ee728b)  -> (artifact id: 'e3d0aebf9c17103f38279814d9167505') in 0.009264 seconds
  Import took 0.012142 seconds .

========================================================================
Received Prepare
Registering precompiled user dll's ...
Registered in 0.000690 seconds.
Begin MonoManager ReloadAssembly
Native extension for WindowsStandalone target not found
Native extension for WebGL target not found
Refreshing native plugins compatible for Editor in 0.29 ms, found 0 plugins.
Preloading 0 native plugins for Editor in 0.00 ms.
Mono: successfully reloaded assembly
- Completed reload, in  1.121 seconds
Platform modules already initialized, skipping
Refreshing native plugins compatible for Editor in 0.36 ms, found 0 plugins.
Preloading 0 native plugins for Editor in 0.00 ms.
Unloading 1111 Unused Serialized files (Serialized files now loaded: 0)
System memory in use before: 60.5 MB.
System memory in use after: 60.6 MB.

Unloading 5 unused Assets to reduce memory usage. Loaded Objects now: 1613.
Total: 2.348271 ms (FindLiveObjects: 0.207530 ms CreateObjectMapping: 0.066144 ms MarkObjects: 2.002154 ms  DeleteObjects: 0.070343 ms)

========================================================================
Received Import Request.
  Time since last request: 15.099599 seconds.
  path: Assets/Scenes/Screen02.unity
  artifactKey: Guid(91b15baa503cb2042b61dad789ab1902) Importer(815301076,1909f56bfc062723c751e8b465ee728b)
Start importing Assets/Scenes/Screen02.unity using Guid(91b15baa503cb2042b61dad789ab1902) Importer(815301076,1909f56bfc062723c751e8b465ee728b)  -> (artifact id: 'c867f740e67e721630286cc624274ba1') in 0.019888 seconds
  Import took 0.039873 seconds .

========================================================================
Received Prepare
Registering precompiled user dll's ...
Registered in 0.000746 seconds.
Begin MonoManager ReloadAssembly
Native extension for WindowsStandalone target not found
Native extension for WebGL target not found
Refreshing native plugins compatible for Editor in 0.28 ms, found 0 plugins.
Preloading 0 native plugins for Editor in 0.00 ms.
Mono: successfully reloaded assembly
- Completed reload, in  1.098 seconds
Platform modules already initialized, skipping
Refreshing native plugins compatible for Editor in 0.30 ms, found 0 plugins.
Preloading 0 native plugins for Editor in 0.00 ms.
Unloading 1111 Unused Serialized files (Serialized files now loaded: 0)
System memory in use before: 60.5 MB.
System memory in use after: 60.6 MB.

Unloading 5 unused Assets to reduce memory usage. Loaded Objects now: 1616.
Total: 2.393766 ms (FindLiveObjects: 0.204030 ms CreateObjectMapping: 0.065444 ms MarkObjects: 2.033651 ms  DeleteObjects: 0.088541 ms)

========================================================================
Received Prepare
Registering precompiled user dll's ...
Registered in 0.000660 seconds.
Begin MonoManager ReloadAssembly
Native extension for WindowsStandalone target not found
Native extension for WebGL target not found
Refreshing native plugins compatible for Editor in 0.29 ms, found 0 plugins.
Preloading 0 native plugins for Editor in 0.00 ms.
Mono: successfully reloaded assembly
- Completed reload, in  1.097 seconds
Platform modules already initialized, skipping
Refreshing native plugins compatible for Editor in 0.30 ms, found 0 plugins.
Preloading 0 native plugins for Editor in 0.00 ms.
Unloading 1112 Unused Serialized files (Serialized files now loaded: 0)
System memory in use before: 60.6 MB.
System memory in use after: 60.6 MB.

Unloading 5 unused Assets to reduce memory usage. Loaded Objects now: 1620.
Total: 2.316074 ms (FindLiveObjects: 0.178133 ms CreateObjectMapping: 0.065094 ms MarkObjects: 1.999005 ms  DeleteObjects: 0.072093 ms)

========================================================================
Received Import Request.
  Time since last request: 210.637184 seconds.
  path: Assets/Scripts/SplashScreenAnimation.cs
  artifactKey: Guid(de7bd44690b711b499bb6215ef1a10f0) Importer(815301076,1909f56bfc062723c751e8b465ee728b)
Start importing Assets/Scripts/SplashScreenAnimation.cs using Guid(de7bd44690b711b499bb6215ef1a10f0) Importer(815301076,1909f56bfc062723c751e8b465ee728b)  -> (artifact id: 'e2a418305635c229b331c02fa00d1528') in 0.012443 seconds
  Import took 0.015943 seconds .

========================================================================
Received Prepare
Registering precompiled user dll's ...
Registered in 0.000656 seconds.
Begin MonoManager ReloadAssembly
Native extension for WindowsStandalone target not found
Native extension for WebGL target not found
Refreshing native plugins compatible for Editor in 0.30 ms, found 0 plugins.
Preloading 0 native plugins for Editor in 0.00 ms.
Mono: successfully reloaded assembly
- Completed reload, in  1.131 seconds
Platform modules already initialized, skipping
Refreshing native plugins compatible for Editor in 0.32 ms, found 0 plugins.
Preloading 0 native plugins for Editor in 0.00 ms.
Unloading 1112 Unused Serialized files (Serialized files now loaded: 0)
System memory in use before: 60.6 MB.
System memory in use after: 60.6 MB.

Unloading 5 unused Assets to reduce memory usage. Loaded Objects now: 1623.
Total: 2.314674 ms (FindLiveObjects: 0.188982 ms CreateObjectMapping: 0.067893 ms MarkObjects: 1.984656 ms  DeleteObjects: 0.071393 ms)

========================================================================
Received Prepare
Registering precompiled user dll's ...
Registered in 0.000694 seconds.
Begin MonoManager ReloadAssembly
Native extension for WindowsStandalone target not found
Native extension for WebGL target not found
Refreshing native plugins compatible for Editor in 0.28 ms, found 0 plugins.
Preloading 0 native plugins for Editor in 0.00 ms.
Mono: successfully reloaded assembly
- Completed reload, in  1.078 seconds
Platform modules already initialized, skipping
Refreshing native plugins compatible for Editor in 0.30 ms, found 0 plugins.
Preloading 0 native plugins for Editor in 0.00 ms.
Unloading 1112 Unused Serialized files (Serialized files now loaded: 0)
System memory in use before: 60.6 MB.
System memory in use after: 60.6 MB.

Unloading 5 unused Assets to reduce memory usage. Loaded Objects now: 1626.
Total: 2.317124 ms (FindLiveObjects: 0.180932 ms CreateObjectMapping: 0.064394 ms MarkObjects: 2.001104 ms  DeleteObjects: 0.068943 ms)

========================================================================
Received Prepare
Registering precompiled user dll's ...
Registered in 0.000776 seconds.
Begin MonoManager ReloadAssembly
Native extension for WindowsStandalone target not found
Native extension for WebGL target not found
Refreshing native plugins compatible for Editor in 0.32 ms, found 0 plugins.
Preloading 0 native plugins for Editor in 0.00 ms.
Mono: successfully reloaded assembly
- Completed reload, in  1.090 seconds
Platform modules already initialized, skipping
Refreshing native plugins compatible for Editor in 0.37 ms, found 0 plugins.
Preloading 0 native plugins for Editor in 0.00 ms.
Unloading 1112 Unused Serialized files (Serialized files now loaded: 0)
System memory in use before: 60.6 MB.
System memory in use after: 60.7 MB.

Unloading 5 unused Assets to reduce memory usage. Loaded Objects now: 1629.
Total: 2.452910 ms (FindLiveObjects: 0.206130 ms CreateObjectMapping: 0.066144 ms MarkObjects: 2.108544 ms  DeleteObjects: 0.070693 ms)

========================================================================
Received Import Request.
  Time since last request: 168.384928 seconds.
  path: Assets/Scenes/ScreenInitial.unity
  artifactKey: Guid(2dc42b8e3bd518b42936aec38ead7db2) Importer(815301076,1909f56bfc062723c751e8b465ee728b)
Start importing Assets/Scenes/ScreenInitial.unity using Guid(2dc42b8e3bd518b42936aec38ead7db2) Importer(815301076,1909f56bfc062723c751e8b465ee728b)  -> (artifact id: '00b93c6a80431dee9ba283ba2dfe43a8') in 0.016292 seconds
  Import took 0.042078 seconds .

========================================================================
Received Import Request.
  Time since last request: 224.047746 seconds.
  path: Assets/images/btnIniciar.png
  artifactKey: Guid(fac24a85f2b28204fba6f6ef1369382d) Importer(815301076,1909f56bfc062723c751e8b465ee728b)
Start importing Assets/images/btnIniciar.png using Guid(fac24a85f2b28204fba6f6ef1369382d) Importer(815301076,1909f56bfc062723c751e8b465ee728b)  -> (artifact id: '2ae906fb74ffc0550f11045b6dde0221') in 0.066056 seconds
  Import took 0.084449 seconds .

========================================================================
Received Prepare
Registering precompiled user dll's ...
Registered in 0.000867 seconds.
Begin MonoManager ReloadAssembly
Native extension for WindowsStandalone target not found
Native extension for WebGL target not found
Refreshing native plugins compatible for Editor in 0.28 ms, found 0 plugins.
Preloading 0 native plugins for Editor in 0.00 ms.
Mono: successfully reloaded assembly
- Completed reload, in  1.095 seconds
Platform modules already initialized, skipping
Refreshing native plugins compatible for Editor in 0.30 ms, found 0 plugins.
Preloading 0 native plugins for Editor in 0.00 ms.
Unloading 1112 Unused Serialized files (Serialized files now loaded: 0)
System memory in use before: 60.6 MB.
System memory in use after: 60.7 MB.

Unloading 5 unused Assets to reduce memory usage. Loaded Objects now: 1633.
Total: 2.446961 ms (FindLiveObjects: 0.173583 ms CreateObjectMapping: 0.071043 ms MarkObjects: 2.127442 ms  DeleteObjects: 0.073143 ms)

========================================================================
Received Import Request.
  Time since last request: 160.622475 seconds.
  path: Assets/Scenes/Screen02.unity
  artifactKey: Guid(91b15baa503cb2042b61dad789ab1902) Importer(815301076,1909f56bfc062723c751e8b465ee728b)
Start importing Assets/Scenes/Screen02.unity using Guid(91b15baa503cb2042b61dad789ab1902) Importer(815301076,1909f56bfc062723c751e8b465ee728b)  -> (artifact id: '5c1c8e3caa797722a53ec0265b934240') in 0.016834 seconds
  Import took 0.042380 seconds .

========================================================================
Received Prepare
Registering precompiled user dll's ...
Registered in 0.000832 seconds.
Begin MonoManager ReloadAssembly
Native extension for WindowsStandalone target not found
Native extension for WebGL target not found
Refreshing native plugins compatible for Editor in 0.29 ms, found 0 plugins.
Preloading 0 native plugins for Editor in 0.00 ms.
Mono: successfully reloaded assembly
- Completed reload, in  1.063 seconds
Platform modules already initialized, skipping
Refreshing native plugins compatible for Editor in 0.30 ms, found 0 plugins.
Preloading 0 native plugins for Editor in 0.00 ms.
Unloading 1112 Unused Serialized files (Serialized files now loaded: 0)
System memory in use before: 60.6 MB.
System memory in use after: 60.7 MB.

Unloading 5 unused Assets to reduce memory usage. Loaded Objects now: 1636.
Total: 2.403215 ms (FindLiveObjects: 0.183382 ms CreateObjectMapping: 0.061594 ms MarkObjects: 2.072498 ms  DeleteObjects: 0.082942 ms)

========================================================================
Received Import Request.
  Time since last request: 47.589867 seconds.
  path: Assets/Scenes/SplashMain.unity
  artifactKey: Guid(3db6340aafa955d4091fdb455c32db51) Importer(815301076,1909f56bfc062723c751e8b465ee728b)
Start importing Assets/Scenes/SplashMain.unity using Guid(3db6340aafa955d4091fdb455c32db51) Importer(815301076,1909f56bfc062723c751e8b465ee728b)  -> (artifact id: '7f714569a09bc8c3bf5e3dfad1eca8bc') in 0.021906 seconds
  Import took 0.024743 seconds .

========================================================================
Received Import Request.
  Time since last request: 918.886787 seconds.
  path: Assets/Scripts/QuitGame.cs
  artifactKey: Guid(13286cc5ff7ae3243be25a9c266fb18d) Importer(815301076,1909f56bfc062723c751e8b465ee728b)
Start importing Assets/Scripts/QuitGame.cs using Guid(13286cc5ff7ae3243be25a9c266fb18d) Importer(815301076,1909f56bfc062723c751e8b465ee728b)  -> (artifact id: 'ad394aa85cfec32ef66da521767e4e3c') in 0.009341 seconds
  Import took 0.012259 seconds .

========================================================================
Received Prepare
Registering precompiled user dll's ...
Registered in 0.000768 seconds.
Begin MonoManager ReloadAssembly
Native extension for WindowsStandalone target not found
Native extension for WebGL target not found
Refreshing native plugins compatible for Editor in 0.30 ms, found 0 plugins.
Preloading 0 native plugins for Editor in 0.00 ms.
Mono: successfully reloaded assembly
- Completed reload, in  1.131 seconds
Platform modules already initialized, skipping
Refreshing native plugins compatible for Editor in 0.32 ms, found 0 plugins.
Preloading 0 native plugins for Editor in 0.00 ms.
Unloading 1126 Unused Serialized files (Serialized files now loaded: 0)
System memory in use before: 62.6 MB.
System memory in use after: 62.0 MB.

Unloading 18 unused Assets to reduce memory usage. Loaded Objects now: 1640.
Total: 3.280579 ms (FindLiveObjects: 0.237277 ms CreateObjectMapping: 0.066494 ms MarkObjects: 2.256230 ms  DeleteObjects: 0.719180 ms)

========================================================================
Received Prepare
Registering precompiled user dll's ...
Registered in 0.001095 seconds.
Begin MonoManager ReloadAssembly
Native extension for WindowsStandalone target not found
Native extension for WebGL target not found
Refreshing native plugins compatible for Editor in 0.32 ms, found 0 plugins.
Preloading 0 native plugins for Editor in 0.00 ms.
Mono: successfully reloaded assembly
- Completed reload, in  1.119 seconds
Platform modules already initialized, skipping
Refreshing native plugins compatible for Editor in 0.31 ms, found 0 plugins.
Preloading 0 native plugins for Editor in 0.00 ms.
Unloading 1126 Unused Serialized files (Serialized files now loaded: 0)
System memory in use before: 62.6 MB.
System memory in use after: 62.0 MB.

Unloading 18 unused Assets to reduce memory usage. Loaded Objects now: 1643.
Total: 2.763330 ms (FindLiveObjects: 0.224328 ms CreateObjectMapping: 0.065444 ms MarkObjects: 1.990955 ms  DeleteObjects: 0.480503 ms)

========================================================================
Received Import Request.
  Time since last request: 32.306563 seconds.
  path: Assets/Scripts/QuitGame.cs
  artifactKey: Guid(13286cc5ff7ae3243be25a9c266fb18d) Importer(815301076,1909f56bfc062723c751e8b465ee728b)
Start importing Assets/Scripts/QuitGame.cs using Guid(13286cc5ff7ae3243be25a9c266fb18d) Importer(815301076,1909f56bfc062723c751e8b465ee728b)  -> (artifact id: '3c94a33dc1d8ba9847104131127ee421') in 0.005769 seconds
  Import took 0.008380 seconds .

========================================================================
Received Prepare
Registering precompiled user dll's ...
Registered in 0.000738 seconds.
Begin MonoManager ReloadAssembly
Native extension for WindowsStandalone target not found
Native extension for WebGL target not found
Refreshing native plugins compatible for Editor in 0.30 ms, found 0 plugins.
Preloading 0 native plugins for Editor in 0.00 ms.
Mono: successfully reloaded assembly
- Completed reload, in  1.105 seconds
Platform modules already initialized, skipping
Refreshing native plugins compatible for Editor in 0.31 ms, found 0 plugins.
Preloading 0 native plugins for Editor in 0.00 ms.
Unloading 1126 Unused Serialized files (Serialized files now loaded: 0)
System memory in use before: 62.6 MB.
System memory in use after: 62.0 MB.

Unloading 18 unused Assets to reduce memory usage. Loaded Objects now: 1646.
Total: 2.849772 ms (FindLiveObjects: 0.195981 ms CreateObjectMapping: 0.066843 ms MarkObjects: 2.127092 ms  DeleteObjects: 0.458455 ms)

========================================================================
Received Prepare
Registering precompiled user dll's ...
Registered in 0.000729 seconds.
Begin MonoManager ReloadAssembly
Native extension for WindowsStandalone target not found
Native extension for WebGL target not found
Refreshing native plugins compatible for Editor in 0.29 ms, found 0 plugins.
Preloading 0 native plugins for Editor in 0.00 ms.
Mono: successfully reloaded assembly
- Completed reload, in  1.089 seconds
Platform modules already initialized, skipping
Refreshing native plugins compatible for Editor in 0.30 ms, found 0 plugins.
Preloading 0 native plugins for Editor in 0.00 ms.
Unloading 1126 Unused Serialized files (Serialized files now loaded: 0)
System memory in use before: 62.6 MB.
System memory in use after: 62.0 MB.

Unloading 18 unused Assets to reduce memory usage. Loaded Objects now: 1649.
Total: 2.727284 ms (FindLiveObjects: 0.208580 ms CreateObjectMapping: 0.066843 ms MarkObjects: 1.968558 ms  DeleteObjects: 0.481903 ms)

========================================================================
Received Prepare
Registering precompiled user dll's ...
Registered in 0.000735 seconds.
Begin MonoManager ReloadAssembly
Native extension for WindowsStandalone target not found
Native extension for WebGL target not found
Refreshing native plugins compatible for Editor in 0.29 ms, found 0 plugins.
Preloading 0 native plugins for Editor in 0.00 ms.
Mono: successfully reloaded assembly
- Completed reload, in  1.060 seconds
Platform modules already initialized, skipping
Refreshing native plugins compatible for Editor in 0.30 ms, found 0 plugins.
Preloading 0 native plugins for Editor in 0.00 ms.
Unloading 1126 Unused Serialized files (Serialized files now loaded: 0)
System memory in use before: 62.6 MB.
System memory in use after: 62.0 MB.

Unloading 18 unused Assets to reduce memory usage. Loaded Objects now: 1652.
Total: 2.669889 ms (FindLiveObjects: 0.178133 ms CreateObjectMapping: 0.069293 ms MarkObjects: 1.966808 ms  DeleteObjects: 0.453556 ms)

========================================================================
Received Prepare
Registering precompiled user dll's ...
Registered in 0.000699 seconds.
Begin MonoManager ReloadAssembly
Native extension for WindowsStandalone target not found
Native extension for WebGL target not found
Refreshing native plugins compatible for Editor in 0.30 ms, found 0 plugins.
Preloading 0 native plugins for Editor in 0.00 ms.
Mono: successfully reloaded assembly
- Completed reload, in  1.078 seconds
Platform modules already initialized, skipping
Refreshing native plugins compatible for Editor in 0.30 ms, found 0 plugins.
Preloading 0 native plugins for Editor in 0.00 ms.
Unloading 1126 Unused Serialized files (Serialized files now loaded: 0)
System memory in use before: 62.6 MB.
System memory in use after: 62.0 MB.

Unloading 18 unused Assets to reduce memory usage. Loaded Objects now: 1655.
Total: 2.824224 ms (FindLiveObjects: 0.205080 ms CreateObjectMapping: 0.062294 ms MarkObjects: 2.064448 ms  DeleteObjects: 0.490652 ms)

========================================================================
Received Import Request.
  Time since last request: 267.983513 seconds.
  path: Assets/Scenes/SplashMain.unity
  artifactKey: Guid(3db6340aafa955d4091fdb455c32db51) Importer(815301076,1909f56bfc062723c751e8b465ee728b)
Start importing Assets/Scenes/SplashMain.unity using Guid(3db6340aafa955d4091fdb455c32db51) Importer(815301076,1909f56bfc062723c751e8b465ee728b)  -> (artifact id: '02b9573503e92e938fa2c6909c259539') in 0.015362 seconds
  Import took 0.039897 seconds .

========================================================================
Received Prepare
Registering precompiled user dll's ...
Registered in 0.000855 seconds.
Begin MonoManager ReloadAssembly
Native extension for WindowsStandalone target not found
Native extension for WebGL target not found
Refreshing native plugins compatible for Editor in 0.30 ms, found 0 plugins.
Preloading 0 native plugins for Editor in 0.00 ms.
Mono: successfully reloaded assembly
- Completed reload, in  1.169 seconds
Platform modules already initialized, skipping
Refreshing native plugins compatible for Editor in 0.31 ms, found 0 plugins.
Preloading 0 native plugins for Editor in 0.00 ms.
Unloading 1126 Unused Serialized files (Serialized files now loaded: 0)
System memory in use before: 62.6 MB.
System memory in use after: 62.0 MB.

Unloading 18 unused Assets to reduce memory usage. Loaded Objects now: 1658.
Total: 2.999557 ms (FindLiveObjects: 0.211029 ms CreateObjectMapping: 0.068593 ms MarkObjects: 2.247830 ms  DeleteObjects: 0.468954 ms)

========================================================================
Received Prepare
Registering precompiled user dll's ...
Registered in 0.000749 seconds.
Begin MonoManager ReloadAssembly
Native extension for WindowsStandalone target not found
Native extension for WebGL target not found
Refreshing native plugins compatible for Editor in 0.30 ms, found 0 plugins.
Preloading 0 native plugins for Editor in 0.00 ms.
Mono: successfully reloaded assembly
- Completed reload, in  1.147 seconds
Platform modules already initialized, skipping
Refreshing native plugins compatible for Editor in 0.31 ms, found 0 plugins.
Preloading 0 native plugins for Editor in 0.00 ms.
Unloading 1126 Unused Serialized files (Serialized files now loaded: 0)
System memory in use before: 62.6 MB.
System memory in use after: 62.1 MB.

Unloading 18 unused Assets to reduce memory usage. Loaded Objects now: 1661.
Total: 4.172292 ms (FindLiveObjects: 0.192831 ms CreateObjectMapping: 0.066144 ms MarkObjects: 3.145493 ms  DeleteObjects: 0.765725 ms)

========================================================================
Received Prepare
Registering precompiled user dll's ...
Registered in 0.000732 seconds.
Begin MonoManager ReloadAssembly
Native extension for WindowsStandalone target not found
Native extension for WebGL target not found
Refreshing native plugins compatible for Editor in 0.30 ms, found 0 plugins.
Preloading 0 native plugins for Editor in 0.00 ms.
Mono: successfully reloaded assembly
- Completed reload, in  1.072 seconds
Platform modules already initialized, skipping
Refreshing native plugins compatible for Editor in 0.30 ms, found 0 plugins.
Preloading 0 native plugins for Editor in 0.00 ms.
Unloading 1126 Unused Serialized files (Serialized files now loaded: 0)
System memory in use before: 62.6 MB.
System memory in use after: 62.1 MB.

Unloading 18 unused Assets to reduce memory usage. Loaded Objects now: 1664.
Total: 2.799377 ms (FindLiveObjects: 0.205780 ms CreateObjectMapping: 0.066843 ms MarkObjects: 2.064798 ms  DeleteObjects: 0.459855 ms)

========================================================================
Received Prepare
Registering precompiled user dll's ...
Registered in 0.000769 seconds.
Begin MonoManager ReloadAssembly
Native extension for WindowsStandalone target not found
Native extension for WebGL target not found
Refreshing native plugins compatible for Editor in 0.29 ms, found 0 plugins.
Preloading 0 native plugins for Editor in 0.00 ms.
Mono: successfully reloaded assembly
- Completed reload, in  1.067 seconds
Platform modules already initialized, skipping
Refreshing native plugins compatible for Editor in 0.31 ms, found 0 plugins.
Preloading 0 native plugins for Editor in 0.00 ms.
Unloading 1126 Unused Serialized files (Serialized files now loaded: 0)
System memory in use before: 62.7 MB.
System memory in use after: 62.1 MB.

Unloading 18 unused Assets to reduce memory usage. Loaded Objects now: 1667.
Total: 3.045752 ms (FindLiveObjects: 0.365714 ms CreateObjectMapping: 0.073493 ms MarkObjects: 2.124642 ms  DeleteObjects: 0.480153 ms)

========================================================================
Received Prepare
Registering precompiled user dll's ...
Registered in 0.000726 seconds.
Begin MonoManager ReloadAssembly
Native extension for WindowsStandalone target not found
Native extension for WebGL target not found
Refreshing native plugins compatible for Editor in 0.30 ms, found 0 plugins.
Preloading 0 native plugins for Editor in 0.00 ms.
Mono: successfully reloaded assembly
- Completed reload, in  1.119 seconds
Platform modules already initialized, skipping
Refreshing native plugins compatible for Editor in 0.35 ms, found 0 plugins.
Preloading 0 native plugins for Editor in 0.00 ms.
Unloading 1126 Unused Serialized files (Serialized files now loaded: 0)
System memory in use before: 62.6 MB.
System memory in use after: 62.1 MB.

Unloading 18 unused Assets to reduce memory usage. Loaded Objects now: 1670.
Total: 2.738132 ms (FindLiveObjects: 0.243926 ms CreateObjectMapping: 0.072793 ms MarkObjects: 1.950359 ms  DeleteObjects: 0.469654 ms)

========================================================================
Received Prepare
Registering precompiled user dll's ...
Registered in 0.000704 seconds.
Begin MonoManager ReloadAssembly
Native extension for WindowsStandalone target not found
Native extension for WebGL target not found
Refreshing native plugins compatible for Editor in 0.29 ms, found 0 plugins.
Preloading 0 native plugins for Editor in 0.00 ms.
Mono: successfully reloaded assembly
- Completed reload, in  1.112 seconds
Platform modules already initialized, skipping
Refreshing native plugins compatible for Editor in 0.31 ms, found 0 plugins.
Preloading 0 native plugins for Editor in 0.00 ms.
Unloading 1126 Unused Serialized files (Serialized files now loaded: 0)
System memory in use before: 62.7 MB.
System memory in use after: 62.1 MB.

Unloading 18 unused Assets to reduce memory usage. Loaded Objects now: 1673.
Total: 2.775929 ms (FindLiveObjects: 0.185482 ms CreateObjectMapping: 0.065794 ms MarkObjects: 2.043800 ms  DeleteObjects: 0.479103 ms)

========================================================================
Received Prepare
Registering precompiled user dll's ...
Registered in 0.000725 seconds.
Begin MonoManager ReloadAssembly
Native extension for WindowsStandalone target not found
Native extension for WebGL target not found
Refreshing native plugins compatible for Editor in 0.30 ms, found 0 plugins.
Preloading 0 native plugins for Editor in 0.00 ms.
Mono: successfully reloaded assembly
- Completed reload, in  1.073 seconds
Platform modules already initialized, skipping
Refreshing native plugins compatible for Editor in 0.30 ms, found 0 plugins.
Preloading 0 native plugins for Editor in 0.00 ms.
Unloading 1126 Unused Serialized files (Serialized files now loaded: 0)
System memory in use before: 62.7 MB.
System memory in use after: 62.1 MB.

Unloading 18 unused Assets to reduce memory usage. Loaded Objects now: 1676.
Total: 2.789227 ms (FindLiveObjects: 0.224328 ms CreateObjectMapping: 0.067193 ms MarkObjects: 2.035051 ms  DeleteObjects: 0.460905 ms)

========================================================================
Received Prepare
Registering precompiled user dll's ...
Registered in 0.000691 seconds.
Begin MonoManager ReloadAssembly
Native extension for WindowsStandalone target not found
Native extension for WebGL target not found
Refreshing native plugins compatible for Editor in 0.31 ms, found 0 plugins.
Preloading 0 native plugins for Editor in 0.00 ms.
Mono: successfully reloaded assembly
- Completed reload, in  1.105 seconds
Platform modules already initialized, skipping
Refreshing native plugins compatible for Editor in 0.31 ms, found 0 plugins.
Preloading 0 native plugins for Editor in 0.00 ms.
Unloading 1126 Unused Serialized files (Serialized files now loaded: 0)
System memory in use before: 62.7 MB.
System memory in use after: 62.1 MB.

Unloading 18 unused Assets to reduce memory usage. Loaded Objects now: 1679.
Total: 3.159491 ms (FindLiveObjects: 0.360115 ms CreateObjectMapping: 0.082242 ms MarkObjects: 2.251680 ms  DeleteObjects: 0.463355 ms)

========================================================================
Received Prepare
Registering precompiled user dll's ...
Registered in 0.000877 seconds.
Begin MonoManager ReloadAssembly
Native extension for WindowsStandalone target not found
Native extension for WebGL target not found
Refreshing native plugins compatible for Editor in 0.41 ms, found 0 plugins.
Preloading 0 native plugins for Editor in 0.00 ms.
Mono: successfully reloaded assembly
- Completed reload, in  1.387 seconds
Platform modules already initialized, skipping
Refreshing native plugins compatible for Editor in 0.31 ms, found 0 plugins.
Preloading 0 native plugins for Editor in 0.00 ms.
Unloading 1126 Unused Serialized files (Serialized files now loaded: 0)
System memory in use before: 62.7 MB.
System memory in use after: 62.1 MB.

Unloading 18 unused Assets to reduce memory usage. Loaded Objects now: 1682.
Total: 2.749331 ms (FindLiveObjects: 0.203680 ms CreateObjectMapping: 0.067543 ms MarkObjects: 1.993755 ms  DeleteObjects: 0.481903 ms)

AssetImportWorkerClient::OnTransportError - code=2 error=End of file
